<?xml version="1.0" encoding="UTF-8"?>
<coverage generated="1787645288926" clover="3.2.0">
  <project timestamp="1787645288926" name="All files">
    <metrics statements="140" coveredstatements="117" conditionals="69" coveredconditionals="44" methods="46" coveredmethods="37" elements="255" coveredelements="198" complexity="0" loc="140" ncloc="140" packages="7" files="27" classes="27"/>
    <package name="assets">
      <metrics statements="0" coveredstatements="0" conditionals="0" coveredconditionals="0" methods="0" coveredmethods="0"/>
      <file name="settings.svg" path="/Users/macbook/Desktop/lead_dev/src/assets/settings.svg">
        <metrics statements="0" coveredstatements="0" conditionals="0" coveredconditionals="0" methods="0" coveredmethods="0"/>
      </file>
    </package>
    <package name="components">
      <metrics statements="30" coveredstatements="27" conditionals="10" coveredconditionals="8" methods="20" coveredmethods="17"/>
      <file name="AnsweredTopicsComponent.module.css" path="/Users/macbook/Desktop/lead_dev/src/components/AnsweredTopicsComponent.module.css">
        <metrics statements="0" coveredstatements="0" conditionals="0" coveredconditionals="0" methods="0" coveredmethods="0"/>
      </file>
      <file name="AnsweredTopicsComponent.tsx" path="/Users/macbook/Desktop/lead_dev/src/components/AnsweredTopicsComponent.tsx">
        <metrics statements="12" coveredstatements="11" conditionals="2" coveredconditionals="2" methods="7" coveredmethods="6"/>
        <line num="13" count="1" type="stmt"/>
        <line num="14" count="220" type="cond" truecount="2" falsecount="0"/>
        <line num="15" count="220" type="stmt"/>
        <line num="18" count="1" type="stmt"/>
        <line num="20" count="3" type="stmt"/>
        <line num="21" count="3" type="stmt"/>
        <line num="22" count="8580" type="stmt"/>
        <line num="23" count="39" type="stmt"/>
        <line num="24" count="13" type="stmt"/>
        <line num="26" count="39" type="stmt"/>
        <line num="30" count="3" type="stmt"/>
        <line num="36" count="0" type="stmt"/>
      </file>
      <file name="QuestionComponent.module.css" path="/Users/macbook/Desktop/lead_dev/src/components/QuestionComponent.module.css">
        <metrics statements="0" coveredstatements="0" conditionals="0" coveredconditionals="0" methods="0" coveredmethods="0"/>
      </file>
      <file name="QuestionComponent.tsx" path="/Users/macbook/Desktop/lead_dev/src/components/QuestionComponent.tsx">
        <metrics statements="2" coveredstatements="2" conditionals="6" coveredconditionals="4" methods="1" coveredmethods="1"/>
        <line num="12" count="1" type="stmt"/>
        <line num="13" count="5" type="stmt"/>
      </file>
      <file name="SettingsModal.module.css" path="/Users/macbook/Desktop/lead_dev/src/components/SettingsModal.module.css">
        <metrics statements="0" coveredstatements="0" conditionals="0" coveredconditionals="0" methods="0" coveredmethods="0"/>
      </file>
      <file name="SettingsModal.tsx" path="/Users/macbook/Desktop/lead_dev/src/components/SettingsModal.tsx">
        <metrics statements="16" coveredstatements="14" conditionals="2" coveredconditionals="2" methods="12" coveredmethods="10"/>
        <line num="13" count="2" type="stmt"/>
        <line num="14" count="14" type="stmt"/>
        <line num="16" count="14" type="stmt"/>
        <line num="20" count="2" type="stmt"/>
        <line num="24" count="2" type="stmt"/>
        <line num="25" count="2" type="stmt"/>
        <line num="28" count="14" type="stmt"/>
        <line num="29" count="1100" type="stmt"/>
        <line num="35" count="14" type="stmt"/>
        <line num="39" count="3" type="stmt"/>
        <line num="48" count="1" type="stmt"/>
        <line num="59" count="0" type="stmt"/>
        <line num="61" count="1" type="stmt"/>
        <line num="63" count="1" type="stmt"/>
        <line num="76" count="1" type="stmt"/>
        <line num="87" count="0" type="stmt"/>
      </file>
    </package>
    <package name="hooks">
      <metrics statements="37" coveredstatements="31" conditionals="16" coveredconditionals="7" methods="10" coveredmethods="9"/>
      <file name="useAnsweredQuestions.ts" path="/Users/macbook/Desktop/lead_dev/src/hooks/useAnsweredQuestions.ts">
        <metrics statements="17" coveredstatements="13" conditionals="6" coveredconditionals="3" methods="6" coveredmethods="5"/>
        <line num="5" count="1" type="stmt"/>
        <line num="7" count="1" type="stmt"/>
        <line num="8" count="7" type="stmt"/>
        <line num="12" count="7" type="stmt"/>
        <line num="13" count="1" type="stmt"/>
        <line num="15" count="1" type="stmt"/>
        <line num="16" count="1" type="stmt"/>
        <line num="17" count="1" type="cond" truecount="2" falsecount="0"/>
        <line num="20" count="1" type="stmt"/>
        <line num="27" count="7" type="stmt"/>
        <line num="28" count="2" type="stmt"/>
        <line num="29" count="2" type="cond" truecount="1" falsecount="1"/>
        <line num="30" count="0" type="stmt"/>
        <line num="31" count="0" type="cond" truecount="0" falsecount="2"/>
        <line num="32" count="0" type="stmt"/>
        <line num="34" count="0" type="stmt"/>
        <line num="38" count="7" type="stmt"/>
      </file>
      <file name="useTodaysStats.ts" path="/Users/macbook/Desktop/lead_dev/src/hooks/useTodaysStats.ts">
        <metrics statements="20" coveredstatements="18" conditionals="10" coveredconditionals="4" methods="4" coveredmethods="4"/>
        <line num="3" count="1" type="stmt"/>
        <line num="12" count="1" type="stmt"/>
        <line num="13" count="7" type="stmt"/>
        <line num="14" count="7" type="stmt"/>
        <line num="16" count="7" type="stmt"/>
        <line num="17" count="2" type="stmt"/>
        <line num="20" count="7" type="stmt"/>
        <line num="21" count="1" type="stmt"/>
        <line num="22" count="1" type="cond" truecount="1" falsecount="1"/>
        <line num="23" count="1" type="stmt"/>
        <line num="29" count="1" type="stmt"/>
        <line num="30" count="1" type="stmt"/>
        <line num="31" count="1" type="stmt"/>
        <line num="34" count="7" type="stmt"/>
        <line num="35" count="2" type="stmt"/>
        <line num="36" count="2" type="cond" truecount="2" falsecount="0"/>
        <line num="37" count="2" type="cond" truecount="1" falsecount="1"/>
        <line num="39" count="0" type="cond" truecount="0" falsecount="2"/>
        <line num="40" count="0" type="stmt"/>
        <line num="46" count="7" type="stmt"/>
      </file>
    </package>
    <package name="pages">
      <metrics statements="57" coveredstatements="43" conditionals="43" coveredconditionals="29" methods="15" coveredmethods="10"/>
      <file name="QuizPage.module.css" path="/Users/macbook/Desktop/lead_dev/src/pages/QuizPage.module.css">
        <metrics statements="0" coveredstatements="0" conditionals="0" coveredconditionals="0" methods="0" coveredmethods="0"/>
      </file>
      <file name="QuizPage.tsx" path="/Users/macbook/Desktop/lead_dev/src/pages/QuizPage.tsx">
        <metrics statements="57" coveredstatements="43" conditionals="43" coveredconditionals="29" methods="15" coveredmethods="10"/>
        <line num="13" count="220" type="stmt"/>
        <line num="15" count="1" type="stmt"/>
        <line num="16" count="7" type="stmt"/>
        <line num="17" count="7" type="stmt"/>
        <line num="20" count="7" type="stmt"/>
        <line num="21" count="7" type="stmt"/>
        <line num="22" count="7" type="stmt"/>
        <line num="23" count="7" type="stmt"/>
        <line num="24" count="7" type="stmt"/>
        <line num="26" count="7" type="stmt"/>
        <line num="28" count="7" type="stmt"/>
        <line num="30" count="7" type="stmt"/>
        <line num="33" count="7" type="stmt"/>
        <line num="36" count="7" type="stmt"/>
        <line num="38" count="3" type="cond" truecount="1" falsecount="1"/>
        <line num="39" count="0" type="stmt"/>
        <line num="41" count="3" type="stmt"/>
        <line num="42" count="3" type="stmt"/>
        <line num="43" count="3" type="stmt"/>
        <line num="44" count="3" type="cond" truecount="3" falsecount="1"/>
        <line num="45" count="0" type="stmt"/>
        <line num="46" count="0" type="stmt"/>
        <line num="48" count="3" type="cond" truecount="3" falsecount="1"/>
        <line num="49" count="3" type="stmt"/>
        <line num="55" count="7" type="stmt"/>
        <line num="56" count="1" type="stmt"/>
        <line num="57" count="1" type="stmt"/>
        <line num="58" count="220" type="stmt"/>
        <line num="59" count="1" type="stmt"/>
        <line num="60" count="1" type="cond" truecount="1" falsecount="1"/>
        <line num="61" count="1" type="stmt"/>
        <line num="62" count="1" type="stmt"/>
        <line num="63" count="1" type="stmt"/>
        <line num="65" count="1" type="cond" truecount="2" falsecount="2"/>
        <line num="66" count="0" type="stmt"/>
        <line num="67" count="0" type="stmt"/>
        <line num="69" count="1" type="cond" truecount="2" falsecount="2"/>
        <line num="70" count="0" type="stmt"/>
        <line num="71" count="0" type="stmt"/>
        <line num="72" count="0" type="stmt"/>
        <line num="77" count="7" type="stmt"/>
        <line num="78" count="5" type="cond" truecount="3" falsecount="1"/>
        <line num="80" count="0" type="stmt"/>
        <line num="84" count="7" type="stmt"/>
        <line num="85" count="440" type="stmt"/>
        <line num="86" count="2" type="cond" truecount="1" falsecount="1"/>
        <line num="87" count="0" type="stmt"/>
        <line num="89" count="2" type="cond" truecount="1" falsecount="1"/>
        <line num="90" count="0" type="stmt"/>
        <line num="93" count="2" type="stmt"/>
        <line num="94" count="2" type="stmt"/>
        <line num="97" count="7" type="stmt"/>
        <line num="106" count="0" type="stmt"/>
        <line num="115" count="2" type="stmt"/>
        <line num="124" count="0" type="stmt"/>
        <line num="133" count="0" type="stmt"/>
        <line num="139" count="1" type="stmt"/>
      </file>
    </package>
    <package name="questions">
      <metrics statements="14" coveredstatements="14" conditionals="0" coveredconditionals="0" methods="0" coveredmethods="0"/>
      <file name="10webPerformance.ts" path="/Users/macbook/Desktop/lead_dev/src/questions/10webPerformance.ts">
        <metrics statements="1" coveredstatements="1" conditionals="0" coveredconditionals="0" methods="0" coveredmethods="0"/>
        <line num="3" count="2" type="stmt"/>
      </file>
      <file name="11security.ts" path="/Users/macbook/Desktop/lead_dev/src/questions/11security.ts">
        <metrics statements="1" coveredstatements="1" conditionals="0" coveredconditionals="0" methods="0" coveredmethods="0"/>
        <line num="3" count="2" type="stmt"/>
      </file>
      <file name="12communicationProtocols.ts" path="/Users/macbook/Desktop/lead_dev/src/questions/12communicationProtocols.ts">
        <metrics statements="1" coveredstatements="1" conditionals="0" coveredconditionals="0" methods="0" coveredmethods="0"/>
        <line num="3" count="2" type="stmt"/>
      </file>
      <file name="13renderingStrategies.ts" path="/Users/macbook/Desktop/lead_dev/src/questions/13renderingStrategies.ts">
        <metrics statements="1" coveredstatements="1" conditionals="0" coveredconditionals="0" methods="0" coveredmethods="0"/>
        <line num="3" count="2" type="stmt"/>
      </file>
      <file name="1htmlcss.ts" path="/Users/macbook/Desktop/lead_dev/src/questions/1htmlcss.ts">
        <metrics statements="1" coveredstatements="1" conditionals="0" coveredconditionals="0" methods="0" coveredmethods="0"/>
        <line num="3" count="2" type="stmt"/>
      </file>
      <file name="2javascript.ts" path="/Users/macbook/Desktop/lead_dev/src/questions/2javascript.ts">
        <metrics statements="1" coveredstatements="1" conditionals="0" coveredconditionals="0" methods="0" coveredmethods="0"/>
        <line num="3" count="2" type="stmt"/>
      </file>
      <file name="3regexp.ts" path="/Users/macbook/Desktop/lead_dev/src/questions/3regexp.ts">
        <metrics statements="1" coveredstatements="1" conditionals="0" coveredconditionals="0" methods="0" coveredmethods="0"/>
        <line num="3" count="2" type="stmt"/>
      </file>
      <file name="4typescript.ts" path="/Users/macbook/Desktop/lead_dev/src/questions/4typescript.ts">
        <metrics statements="1" coveredstatements="1" conditionals="0" coveredconditionals="0" methods="0" coveredmethods="0"/>
        <line num="3" count="2" type="stmt"/>
      </file>
      <file name="5cicd.ts" path="/Users/macbook/Desktop/lead_dev/src/questions/5cicd.ts">
        <metrics statements="1" coveredstatements="1" conditionals="0" coveredconditionals="0" methods="0" coveredmethods="0"/>
        <line num="3" count="2" type="stmt"/>
      </file>
      <file name="6browserAPIs.ts" path="/Users/macbook/Desktop/lead_dev/src/questions/6browserAPIs.ts">
        <metrics statements="1" coveredstatements="1" conditionals="0" coveredconditionals="0" methods="0" coveredmethods="0"/>
        <line num="3" count="2" type="stmt"/>
      </file>
      <file name="7react.ts" path="/Users/macbook/Desktop/lead_dev/src/questions/7react.ts">
        <metrics statements="1" coveredstatements="1" conditionals="0" coveredconditionals="0" methods="0" coveredmethods="0"/>
        <line num="3" count="2" type="stmt"/>
      </file>
      <file name="8softwareDesign.ts" path="/Users/macbook/Desktop/lead_dev/src/questions/8softwareDesign.ts">
        <metrics statements="1" coveredstatements="1" conditionals="0" coveredconditionals="0" methods="0" coveredmethods="0"/>
        <line num="3" count="2" type="stmt"/>
      </file>
      <file name="9designPatterns.ts" path="/Users/macbook/Desktop/lead_dev/src/questions/9designPatterns.ts">
        <metrics statements="1" coveredstatements="1" conditionals="0" coveredconditionals="0" methods="0" coveredmethods="0"/>
        <line num="3" count="2" type="stmt"/>
      </file>
      <file name="index.ts" path="/Users/macbook/Desktop/lead_dev/src/questions/index.ts">
        <metrics statements="1" coveredstatements="1" conditionals="0" coveredconditionals="0" methods="0" coveredmethods="0"/>
        <line num="15" count="2" type="stmt"/>
      </file>
    </package>
    <package name="types">
      <metrics statements="1" coveredstatements="1" conditionals="0" coveredconditionals="0" methods="0" coveredmethods="0"/>
      <file name="ISettings.ts" path="/Users/macbook/Desktop/lead_dev/src/types/ISettings.ts">
        <metrics statements="1" coveredstatements="1" conditionals="0" coveredconditionals="0" methods="0" coveredmethods="0"/>
        <line num="7" count="1" type="stmt"/>
      </file>
    </package>
    <package name="utils">
      <metrics statements="1" coveredstatements="1" conditionals="0" coveredconditionals="0" methods="1" coveredmethods="1"/>
      <file name="generateRandomNumber.ts" path="/Users/macbook/Desktop/lead_dev/src/utils/generateRandomNumber.ts">
        <metrics statements="1" coveredstatements="1" conditionals="0" coveredconditionals="0" methods="1" coveredmethods="1"/>
        <line num="2" count="5" type="stmt"/>
      </file>
    </package>
  </project>
</coverage>
