{"/Users/macbook/Desktop/lead_dev/src/assets/settings.svg": {"path":"/Users/macbook/Desktop/lead_dev/src/assets/settings.svg","statementMap":{},"fnMap":{},"branchMap":{},"s":{},"f":{},"b":{},"meta":{"lastBranch":0,"lastFunction":0,"lastStatement":0,"seen":{},"fnNames":{}}}
,"/Users/macbook/Desktop/lead_dev/src/components/AnsweredTopicsComponent.module.css": {"path":"/Users/macbook/Desktop/lead_dev/src/components/AnsweredTopicsComponent.module.css","statementMap":{},"fnMap":{},"branchMap":{},"s":{},"f":{},"b":{},"meta":{"lastBranch":0,"lastFunction":0,"lastStatement":0,"seen":{},"fnNames":{}}}
,"/Users/macbook/Desktop/lead_dev/src/components/AnsweredTopicsComponent.tsx": {"path":"/Users/macbook/Desktop/lead_dev/src/components/AnsweredTopicsComponent.tsx","statementMap":{"0":{"start":{"line":13,"column":18},"end":{"line":16,"column":null}},"1":{"start":{"line":14,"column":2},"end":{"line":14,"column":null}},"2":{"start":{"line":14,"column":26},"end":{"line":14,"column":null}},"3":{"start":{"line":15,"column":2},"end":{"line":15,"column":null}},"4":{"start":{"line":18,"column":13},"end":{"line":44,"column":null}},"5":{"start":{"line":20,"column":10},"end":{"line":28,"column":null}},"6":{"start":{"line":21,"column":6},"end":{"line":27,"column":null}},"7":{"start":{"line":22,"column":27},"end":{"line":22,"column":null}},"8":{"start":{"line":22,"column":54},"end":{"line":22,"column":69}},"9":{"start":{"line":23,"column":25},"end":{"line":25,"column":null}},"10":{"start":{"line":24,"column":17},"end":{"line":24,"column":null}},"11":{"start":{"line":26,"column":8},"end":{"line":26,"column":null}},"12":{"start":{"line":30,"column":4},"end":{"line":41,"column":null}},"13":{"start":{"line":36,"column":12},"end":{"line":38,"column":null}}},"fnMap":{"0":{"name":"(anonymous_0)","decl":{"start":{"line":13,"column":38},"end":{"line":13,"column":39}},"loc":{"start":{"line":13,"column":75},"end":{"line":16,"column":3}},"line":13},"1":{"name":"(anonymous_1)","decl":{"start":{"line":19,"column":2},"end":{"line":19,"column":3}},"loc":{"start":{"line":19,"column":63},"end":{"line":43,"column":null}},"line":19},"2":{"name":"(anonymous_2)","decl":{"start":{"line":20,"column":31},"end":{"line":20,"column":37}},"loc":{"start":{"line":20,"column":37},"end":{"line":28,"column":7}},"line":20},"3":{"name":"(anonymous_3)","decl":{"start":{"line":21,"column":30},"end":{"line":21,"column":31}},"loc":{"start":{"line":21,"column":41},"end":{"line":27,"column":7}},"line":21},"4":{"name":"(anonymous_4)","decl":{"start":{"line":22,"column":47},"end":{"line":22,"column":48}},"loc":{"start":{"line":22,"column":54},"end":{"line":22,"column":69}},"line":22},"5":{"name":"(anonymous_5)","decl":{"start":{"line":24,"column":10},"end":{"line":24,"column":11}},"loc":{"start":{"line":24,"column":17},"end":{"line":24,"column":null}},"line":24},"6":{"name":"(anonymous_6)","decl":{"start":{"line":35,"column":26},"end":{"line":35,"column":27}},"loc":{"start":{"line":36,"column":12},"end":{"line":38,"column":null}},"line":36}},"branchMap":{"0":{"loc":{"start":{"line":14,"column":2},"end":{"line":14,"column":null}},"type":"if","locations":[{"start":{"line":14,"column":2},"end":{"line":14,"column":null}},{"start":{},"end":{}}],"line":14}},"s":{"0":1,"1":220,"2":13,"3":220,"4":1,"5":3,"6":3,"7":39,"8":8580,"9":39,"10":13,"11":39,"12":3,"13":0},"f":{"0":220,"1":3,"2":3,"3":39,"4":8580,"5":13,"6":0},"b":{"0":[13,207]},"meta":{"lastBranch":1,"lastFunction":7,"lastStatement":14,"seen":{"s:13:18:16:Infinity":0,"f:13:38:13:39":0,"b:14:2:14:Infinity:undefined:undefined:undefined:undefined":0,"s:14:2:14:Infinity":1,"s:14:26:14:Infinity":2,"s:15:2:15:Infinity":3,"s:18:13:44:Infinity":4,"f:19:2:19:3":1,"s:20:10:28:Infinity":5,"f:20:31:20:37":2,"s:21:6:27:Infinity":6,"f:21:30:21:31":3,"s:22:27:22:Infinity":7,"f:22:47:22:48":4,"s:22:54:22:69":8,"s:23:25:25:Infinity":9,"f:24:10:24:11":5,"s:24:17:24:Infinity":10,"s:26:8:26:Infinity":11,"s:30:4:41:Infinity":12,"f:35:26:35:27":6,"s:36:12:38:Infinity":13},"fnNames":{}}}
,"/Users/macbook/Desktop/lead_dev/src/components/QuestionComponent.module.css": {"path":"/Users/macbook/Desktop/lead_dev/src/components/QuestionComponent.module.css","statementMap":{},"fnMap":{},"branchMap":{},"s":{},"f":{},"b":{},"meta":{"lastBranch":0,"lastFunction":0,"lastStatement":0,"seen":{},"fnNames":{}}}
,"/Users/macbook/Desktop/lead_dev/src/components/QuestionComponent.tsx": {"path":"/Users/macbook/Desktop/lead_dev/src/components/QuestionComponent.tsx","statementMap":{"0":{"start":{"line":12,"column":33},"end":{"line":40,"column":null}},"1":{"start":{"line":13,"column":2},"end":{"line":38,"column":null}}},"fnMap":{"0":{"name":"(anonymous_0)","decl":{"start":{"line":12,"column":33},"end":{"line":12,"column":34}},"loc":{"start":{"line":12,"column":70},"end":{"line":40,"column":null}},"line":12}},"branchMap":{"0":{"loc":{"start":{"line":18,"column":9},"end":{"line":18,"column":null}},"type":"binary-expr","locations":[{"start":{"line":18,"column":9},"end":{"line":18,"column":26}},{"start":{"line":18,"column":26},"end":{"line":18,"column":null}}],"line":18},"1":{"loc":{"start":{"line":20,"column":29},"end":{"line":20,"column":48}},"type":"cond-expr","locations":[{"start":{"line":20,"column":42},"end":{"line":20,"column":46}},{"start":{"line":20,"column":46},"end":{"line":20,"column":48}}],"line":20},"2":{"loc":{"start":{"line":23,"column":11},"end":{"line":34,"column":null}},"type":"binary-expr","locations":[{"start":{"line":23,"column":11},"end":{"line":23,"column":null}},{"start":{"line":24,"column":12},"end":{"line":34,"column":null}}],"line":23}},"s":{"0":1,"1":5},"f":{"0":5},"b":{"0":[5,0],"1":[2,3],"2":[5,0]},"meta":{"lastBranch":3,"lastFunction":1,"lastStatement":2,"seen":{"s:12:33:40:Infinity":0,"f:12:33:12:34":0,"s:13:2:38:Infinity":1,"b:18:9:18:26:18:26:18:Infinity":0,"b:20:42:20:46:20:46:20:48":1,"b:23:11:23:Infinity:24:12:34:Infinity":2},"fnNames":{}}}
,"/Users/macbook/Desktop/lead_dev/src/components/SettingsModal.module.css": {"path":"/Users/macbook/Desktop/lead_dev/src/components/SettingsModal.module.css","statementMap":{},"fnMap":{},"branchMap":{},"s":{},"f":{},"b":{},"meta":{"lastBranch":0,"lastFunction":0,"lastStatement":0,"seen":{},"fnNames":{}}}
,"/Users/macbook/Desktop/lead_dev/src/components/SettingsModal.tsx": {"path":"/Users/macbook/Desktop/lead_dev/src/components/SettingsModal.tsx","statementMap":{"0":{"start":{"line":13,"column":13},"end":{"line":97,"column":null}},"1":{"start":{"line":14,"column":26},"end":{"line":14,"column":null}},"2":{"start":{"line":16,"column":26},"end":{"line":26,"column":null}},"3":{"start":{"line":20,"column":24},"end":{"line":23,"column":null}},"4":{"start":{"line":24,"column":4},"end":{"line":24,"column":null}},"5":{"start":{"line":25,"column":4},"end":{"line":25,"column":null}},"6":{"start":{"line":28,"column":8},"end":{"line":33,"column":null}},"7":{"start":{"line":29,"column":4},"end":{"line":32,"column":null}},"8":{"start":{"line":29,"column":54},"end":{"line":29,"column":59}},"9":{"start":{"line":29,"column":75},"end":{"line":32,"column":6}},"10":{"start":{"line":35,"column":2},"end":{"line":95,"column":null}},"11":{"start":{"line":39,"column":23},"end":{"line":39,"column":null}},"12":{"start":{"line":48,"column":27},"end":{"line":48,"column":null}},"13":{"start":{"line":59,"column":50},"end":{"line":59,"column":73}},"14":{"start":{"line":61,"column":18},"end":{"line":64,"column":null}},"15":{"start":{"line":63,"column":33},"end":{"line":63,"column":40}},"16":{"start":{"line":76,"column":33},"end":{"line":76,"column":null}},"17":{"start":{"line":87,"column":33},"end":{"line":87,"column":null}}},"fnMap":{"0":{"name":"(anonymous_0)","decl":{"start":{"line":13,"column":34},"end":{"line":13,"column":35}},"loc":{"start":{"line":13,"column":78},"end":{"line":97,"column":1}},"line":13},"1":{"name":"(anonymous_1)","decl":{"start":{"line":16,"column":26},"end":{"line":16,"column":null}},"loc":{"start":{"line":19,"column":7},"end":{"line":26,"column":null}},"line":19},"2":{"name":"(anonymous_2)","decl":{"start":{"line":28,"column":26},"end":{"line":28,"column":32}},"loc":{"start":{"line":28,"column":32},"end":{"line":33,"column":5}},"line":28},"3":{"name":"(anonymous_3)","decl":{"start":{"line":29,"column":47},"end":{"line":29,"column":48}},"loc":{"start":{"line":29,"column":54},"end":{"line":29,"column":59}},"line":29},"4":{"name":"(anonymous_4)","decl":{"start":{"line":29,"column":67},"end":{"line":29,"column":68}},"loc":{"start":{"line":29,"column":75},"end":{"line":32,"column":6}},"line":29},"5":{"name":"(anonymous_5)","decl":{"start":{"line":39,"column":17},"end":{"line":39,"column":23}},"loc":{"start":{"line":39,"column":23},"end":{"line":39,"column":null}},"line":39},"6":{"name":"(anonymous_6)","decl":{"start":{"line":48,"column":21},"end":{"line":48,"column":27}},"loc":{"start":{"line":48,"column":27},"end":{"line":48,"column":null}},"line":48},"7":{"name":"(anonymous_7)","decl":{"start":{"line":59,"column":42},"end":{"line":59,"column":43}},"loc":{"start":{"line":59,"column":50},"end":{"line":59,"column":73}},"line":59},"8":{"name":"(anonymous_8)","decl":{"start":{"line":60,"column":26},"end":{"line":60,"column":27}},"loc":{"start":{"line":61,"column":18},"end":{"line":64,"column":null}},"line":61},"9":{"name":"(anonymous_9)","decl":{"start":{"line":63,"column":26},"end":{"line":63,"column":27}},"loc":{"start":{"line":63,"column":33},"end":{"line":63,"column":40}},"line":63},"10":{"name":"(anonymous_10)","decl":{"start":{"line":76,"column":26},"end":{"line":76,"column":27}},"loc":{"start":{"line":76,"column":33},"end":{"line":76,"column":null}},"line":76},"11":{"name":"(anonymous_11)","decl":{"start":{"line":87,"column":26},"end":{"line":87,"column":27}},"loc":{"start":{"line":87,"column":33},"end":{"line":87,"column":null}},"line":87}},"branchMap":{"0":{"loc":{"start":{"line":44,"column":7},"end":{"line":93,"column":null}},"type":"binary-expr","locations":[{"start":{"line":44,"column":7},"end":{"line":44,"column":null}},{"start":{"line":45,"column":8},"end":{"line":93,"column":null}}],"line":44}},"s":{"0":2,"1":14,"2":14,"3":2,"4":2,"5":2,"6":14,"7":5,"8":1100,"9":65,"10":14,"11":3,"12":1,"13":0,"14":1,"15":1,"16":1,"17":0},"f":{"0":14,"1":2,"2":5,"3":1100,"4":65,"5":3,"6":1,"7":0,"8":1,"9":1,"10":1,"11":0},"b":{"0":[14,3]},"meta":{"lastBranch":1,"lastFunction":12,"lastStatement":18,"seen":{"s:13:13:97:Infinity":0,"f:13:34:13:35":0,"s:14:26:14:Infinity":1,"s:16:26:26:Infinity":2,"f:16:26:16:Infinity":1,"s:20:24:23:Infinity":3,"s:24:4:24:Infinity":4,"s:25:4:25:Infinity":5,"s:28:8:33:Infinity":6,"f:28:26:28:32":2,"s:29:4:32:Infinity":7,"f:29:47:29:48":3,"s:29:54:29:59":8,"f:29:67:29:68":4,"s:29:75:32:6":9,"s:35:2:95:Infinity":10,"f:39:17:39:23":5,"s:39:23:39:Infinity":11,"b:44:7:44:Infinity:45:8:93:Infinity":0,"f:48:21:48:27":6,"s:48:27:48:Infinity":12,"f:59:42:59:43":7,"s:59:50:59:73":13,"f:60:26:60:27":8,"s:61:18:64:Infinity":14,"f:63:26:63:27":9,"s:63:33:63:40":15,"f:76:26:76:27":10,"s:76:33:76:Infinity":16,"f:87:26:87:27":11,"s:87:33:87:Infinity":17},"fnNames":{}}}
,"/Users/macbook/Desktop/lead_dev/src/hooks/useAnsweredQuestions.ts": {"path":"/Users/macbook/Desktop/lead_dev/src/hooks/useAnsweredQuestions.ts","statementMap":{"0":{"start":{"line":5,"column":25},"end":{"line":5,"column":null}},"1":{"start":{"line":7,"column":36},"end":{"line":42,"column":null}},"2":{"start":{"line":8,"column":56},"end":{"line":10,"column":null}},"3":{"start":{"line":12,"column":30},"end":{"line":24,"column":null}},"4":{"start":{"line":13,"column":4},"end":{"line":13,"column":null}},"5":{"start":{"line":15,"column":26},"end":{"line":19,"column":null}},"6":{"start":{"line":16,"column":6},"end":{"line":18,"column":null}},"7":{"start":{"line":17,"column":15},"end":{"line":17,"column":null}},"8":{"start":{"line":20,"column":4},"end":{"line":23,"column":null}},"9":{"start":{"line":27,"column":2},"end":{"line":36,"column":null}},"10":{"start":{"line":28,"column":23},"end":{"line":28,"column":null}},"11":{"start":{"line":29,"column":4},"end":{"line":29,"column":null}},"12":{"start":{"line":29,"column":21},"end":{"line":29,"column":null}},"13":{"start":{"line":30,"column":17},"end":{"line":30,"column":null}},"14":{"start":{"line":31,"column":4},"end":{"line":35,"column":null}},"15":{"start":{"line":32,"column":20},"end":{"line":32,"column":null}},"16":{"start":{"line":32,"column":58},"end":{"line":32,"column":73}},"17":{"start":{"line":34,"column":6},"end":{"line":34,"column":null}},"18":{"start":{"line":38,"column":2},"end":{"line":41,"column":null}}},"fnMap":{"0":{"name":"(anonymous_0)","decl":{"start":{"line":7,"column":36},"end":{"line":7,"column":42}},"loc":{"start":{"line":7,"column":42},"end":{"line":42,"column":null}},"line":7},"1":{"name":"(anonymous_1)","decl":{"start":{"line":12,"column":30},"end":{"line":12,"column":31}},"loc":{"start":{"line":12,"column":58},"end":{"line":24,"column":null}},"line":12},"2":{"name":"(anonymous_2)","decl":{"start":{"line":15,"column":40},"end":{"line":15,"column":41}},"loc":{"start":{"line":16,"column":6},"end":{"line":18,"column":null}},"line":16},"3":{"name":"(anonymous_3)","decl":{"start":{"line":17,"column":8},"end":{"line":17,"column":9}},"loc":{"start":{"line":17,"column":15},"end":{"line":17,"column":null}},"line":17},"4":{"name":"(anonymous_4)","decl":{"start":{"line":27,"column":12},"end":{"line":27,"column":18}},"loc":{"start":{"line":27,"column":18},"end":{"line":36,"column":5}},"line":27},"5":{"name":"(anonymous_5)","decl":{"start":{"line":32,"column":43},"end":{"line":32,"column":44}},"loc":{"start":{"line":32,"column":58},"end":{"line":32,"column":73}},"line":32}},"branchMap":{"0":{"loc":{"start":{"line":17,"column":15},"end":{"line":17,"column":null}},"type":"binary-expr","locations":[{"start":{"line":17,"column":15},"end":{"line":17,"column":41}},{"start":{"line":17,"column":41},"end":{"line":17,"column":null}}],"line":17},"1":{"loc":{"start":{"line":29,"column":4},"end":{"line":29,"column":null}},"type":"if","locations":[{"start":{"line":29,"column":4},"end":{"line":29,"column":null}},{"start":{},"end":{}}],"line":29},"2":{"loc":{"start":{"line":31,"column":4},"end":{"line":35,"column":null}},"type":"if","locations":[{"start":{"line":31,"column":4},"end":{"line":35,"column":null}},{"start":{},"end":{}}],"line":31}},"s":{"0":1,"1":1,"2":7,"3":7,"4":1,"5":1,"6":1,"7":1,"8":1,"9":7,"10":2,"11":2,"12":2,"13":0,"14":0,"15":0,"16":0,"17":0,"18":7},"f":{"0":7,"1":1,"2":1,"3":1,"4":2,"5":0},"b":{"0":[1,1],"1":[2,0],"2":[0,0]},"meta":{"lastBranch":3,"lastFunction":6,"lastStatement":19,"seen":{"s:5:25:5:Infinity":0,"s:7:36:42:Infinity":1,"f:7:36:7:42":0,"s:8:56:10:Infinity":2,"s:12:30:24:Infinity":3,"f:12:30:12:31":1,"s:13:4:13:Infinity":4,"s:15:26:19:Infinity":5,"f:15:40:15:41":2,"s:16:6:18:Infinity":6,"f:17:8:17:9":3,"s:17:15:17:Infinity":7,"b:17:15:17:41:17:41:17:Infinity":0,"s:20:4:23:Infinity":8,"s:27:2:36:Infinity":9,"f:27:12:27:18":4,"s:28:23:28:Infinity":10,"b:29:4:29:Infinity:undefined:undefined:undefined:undefined":1,"s:29:4:29:Infinity":11,"s:29:21:29:Infinity":12,"s:30:17:30:Infinity":13,"b:31:4:35:Infinity:undefined:undefined:undefined:undefined":2,"s:31:4:35:Infinity":14,"s:32:20:32:Infinity":15,"f:32:43:32:44":5,"s:32:58:32:73":16,"s:34:6:34:Infinity":17,"s:38:2:41:Infinity":18},"fnNames":{}}}
,"/Users/macbook/Desktop/lead_dev/src/hooks/useTodaysStats.ts": {"path":"/Users/macbook/Desktop/lead_dev/src/hooks/useTodaysStats.ts","statementMap":{"0":{"start":{"line":3,"column":21},"end":{"line":3,"column":null}},"1":{"start":{"line":12,"column":30},"end":{"line":51,"column":null}},"2":{"start":{"line":13,"column":24},"end":{"line":13,"column":null}},"3":{"start":{"line":14,"column":34},"end":{"line":14,"column":null}},"4":{"start":{"line":16,"column":8},"end":{"line":18,"column":null}},"5":{"start":{"line":17,"column":4},"end":{"line":17,"column":null}},"6":{"start":{"line":20,"column":32},"end":{"line":32,"column":null}},"7":{"start":{"line":21,"column":22},"end":{"line":21,"column":null}},"8":{"start":{"line":22,"column":27},"end":{"line":22,"column":null}},"9":{"start":{"line":23,"column":30},"end":{"line":28,"column":null}},"10":{"start":{"line":29,"column":4},"end":{"line":29,"column":null}},"11":{"start":{"line":30,"column":4},"end":{"line":30,"column":null}},"12":{"start":{"line":31,"column":4},"end":{"line":31,"column":null}},"13":{"start":{"line":34,"column":2},"end":{"line":44,"column":null}},"14":{"start":{"line":35,"column":24},"end":{"line":35,"column":null}},"15":{"start":{"line":36,"column":30},"end":{"line":36,"column":null}},"16":{"start":{"line":37,"column":4},"end":{"line":43,"column":null}},"17":{"start":{"line":39,"column":6},"end":{"line":39,"column":null}},"18":{"start":{"line":40,"column":6},"end":{"line":42,"column":null}},"19":{"start":{"line":46,"column":2},"end":{"line":50,"column":null}}},"fnMap":{"0":{"name":"(anonymous_0)","decl":{"start":{"line":12,"column":30},"end":{"line":12,"column":36}},"loc":{"start":{"line":12,"column":36},"end":{"line":51,"column":null}},"line":12},"1":{"name":"(anonymous_1)","decl":{"start":{"line":16,"column":28},"end":{"line":16,"column":34}},"loc":{"start":{"line":16,"column":34},"end":{"line":18,"column":5}},"line":16},"2":{"name":"(anonymous_2)","decl":{"start":{"line":20,"column":32},"end":{"line":20,"column":33}},"loc":{"start":{"line":20,"column":54},"end":{"line":32,"column":null}},"line":20},"3":{"name":"(anonymous_3)","decl":{"start":{"line":34,"column":12},"end":{"line":34,"column":18}},"loc":{"start":{"line":34,"column":18},"end":{"line":44,"column":5}},"line":34}},"branchMap":{"0":{"loc":{"start":{"line":22,"column":27},"end":{"line":22,"column":null}},"type":"cond-expr","locations":[{"start":{"line":22,"column":36},"end":{"line":22,"column":53}},{"start":{"line":22,"column":53},"end":{"line":22,"column":null}}],"line":22},"1":{"loc":{"start":{"line":36,"column":41},"end":{"line":36,"column":60}},"type":"binary-expr","locations":[{"start":{"line":36,"column":41},"end":{"line":36,"column":56}},{"start":{"line":36,"column":56},"end":{"line":36,"column":60}}],"line":36},"2":{"loc":{"start":{"line":37,"column":4},"end":{"line":43,"column":null}},"type":"if","locations":[{"start":{"line":37,"column":4},"end":{"line":43,"column":null}},{"start":{},"end":{}}],"line":37},"3":{"loc":{"start":{"line":39,"column":15},"end":{"line":39,"column":72}},"type":"cond-expr","locations":[{"start":{"line":39,"column":39},"end":{"line":39,"column":71}},{"start":{"line":39,"column":71},"end":{"line":39,"column":72}}],"line":39},"4":{"loc":{"start":{"line":41,"column":8},"end":{"line":41,"column":null}},"type":"cond-expr","locations":[{"start":{"line":41,"column":37},"end":{"line":41,"column":74}},{"start":{"line":41,"column":74},"end":{"line":41,"column":null}}],"line":41}},"s":{"0":1,"1":1,"2":7,"3":7,"4":7,"5":2,"6":7,"7":1,"8":1,"9":1,"10":1,"11":1,"12":1,"13":7,"14":2,"15":2,"16":2,"17":0,"18":0,"19":7},"f":{"0":7,"1":2,"2":1,"3":2},"b":{"0":[0,1],"1":[2,2],"2":[0,2],"3":[0,0],"4":[0,0]},"meta":{"lastBranch":5,"lastFunction":4,"lastStatement":20,"seen":{"s:3:21:3:Infinity":0,"s:12:30:51:Infinity":1,"f:12:30:12:36":0,"s:13:24:13:Infinity":2,"s:14:34:14:Infinity":3,"s:16:8:18:Infinity":4,"f:16:28:16:34":1,"s:17:4:17:Infinity":5,"s:20:32:32:Infinity":6,"f:20:32:20:33":2,"s:21:22:21:Infinity":7,"s:22:27:22:Infinity":8,"b:22:36:22:53:22:53:22:Infinity":0,"s:23:30:28:Infinity":9,"s:29:4:29:Infinity":10,"s:30:4:30:Infinity":11,"s:31:4:31:Infinity":12,"s:34:2:44:Infinity":13,"f:34:12:34:18":3,"s:35:24:35:Infinity":14,"s:36:30:36:Infinity":15,"b:36:41:36:56:36:56:36:60":1,"b:37:4:43:Infinity:undefined:undefined:undefined:undefined":2,"s:37:4:43:Infinity":16,"s:39:6:39:Infinity":17,"b:39:39:39:71:39:71:39:72":3,"s:40:6:42:Infinity":18,"b:41:37:41:74:41:74:41:Infinity":4,"s:46:2:50:Infinity":19},"fnNames":{}}}
,"/Users/macbook/Desktop/lead_dev/src/pages/QuizPage.module.css": {"path":"/Users/macbook/Desktop/lead_dev/src/pages/QuizPage.module.css","statementMap":{},"fnMap":{},"branchMap":{},"s":{},"f":{},"b":{},"meta":{"lastBranch":0,"lastFunction":0,"lastStatement":0,"seen":{},"fnNames":{}}}
,"/Users/macbook/Desktop/lead_dev/src/pages/QuizPage.tsx": {"path":"/Users/macbook/Desktop/lead_dev/src/pages/QuizPage.tsx","statementMap":{"0":{"start":{"line":13,"column":19},"end":{"line":13,"column":null}},"1":{"start":{"line":13,"column":46},"end":{"line":13,"column":52}},"2":{"start":{"line":15,"column":24},"end":{"line":166,"column":null}},"3":{"start":{"line":16,"column":24},"end":{"line":16,"column":null}},"4":{"start":{"line":17,"column":30},"end":{"line":19,"column":null}},"5":{"start":{"line":20,"column":34},"end":{"line":20,"column":null}},"6":{"start":{"line":21,"column":40},"end":{"line":21,"column":null}},"7":{"start":{"line":22,"column":34},"end":{"line":22,"column":null}},"8":{"start":{"line":23,"column":48},"end":{"line":23,"column":null}},"9":{"start":{"line":24,"column":58},"end":{"line":24,"column":null}},"10":{"start":{"line":26,"column":40},"end":{"line":26,"column":null}},"11":{"start":{"line":28,"column":30},"end":{"line":28,"column":null}},"12":{"start":{"line":30,"column":67},"end":{"line":31,"column":null}},"13":{"start":{"line":33,"column":58},"end":{"line":34,"column":null}},"14":{"start":{"line":36,"column":8},"end":{"line":53,"column":null}},"15":{"start":{"line":38,"column":6},"end":{"line":40,"column":null}},"16":{"start":{"line":39,"column":8},"end":{"line":39,"column":null}},"17":{"start":{"line":41,"column":6},"end":{"line":41,"column":null}},"18":{"start":{"line":42,"column":6},"end":{"line":42,"column":null}},"19":{"start":{"line":43,"column":6},"end":{"line":43,"column":null}},"20":{"start":{"line":44,"column":6},"end":{"line":47,"column":null}},"21":{"start":{"line":45,"column":14},"end":{"line":45,"column":null}},"22":{"start":{"line":46,"column":8},"end":{"line":46,"column":null}},"23":{"start":{"line":48,"column":6},"end":{"line":50,"column":null}},"24":{"start":{"line":49,"column":8},"end":{"line":49,"column":null}},"25":{"start":{"line":55,"column":22},"end":{"line":74,"column":null}},"26":{"start":{"line":56,"column":4},"end":{"line":56,"column":null}},"27":{"start":{"line":57,"column":4},"end":{"line":57,"column":null}},"28":{"start":{"line":58,"column":24},"end":{"line":58,"column":null}},"29":{"start":{"line":58,"column":52},"end":{"line":58,"column":73}},"30":{"start":{"line":59,"column":4},"end":{"line":59,"column":null}},"31":{"start":{"line":60,"column":4},"end":{"line":64,"column":null}},"32":{"start":{"line":61,"column":6},"end":{"line":61,"column":null}},"33":{"start":{"line":62,"column":6},"end":{"line":62,"column":null}},"34":{"start":{"line":63,"column":6},"end":{"line":63,"column":null}},"35":{"start":{"line":65,"column":4},"end":{"line":68,"column":null}},"36":{"start":{"line":66,"column":6},"end":{"line":66,"column":null}},"37":{"start":{"line":67,"column":6},"end":{"line":67,"column":null}},"38":{"start":{"line":69,"column":4},"end":{"line":73,"column":null}},"39":{"start":{"line":70,"column":6},"end":{"line":70,"column":null}},"40":{"start":{"line":71,"column":6},"end":{"line":71,"column":null}},"41":{"start":{"line":72,"column":6},"end":{"line":72,"column":null}},"42":{"start":{"line":77,"column":2},"end":{"line":82,"column":null}},"43":{"start":{"line":78,"column":4},"end":{"line":81,"column":null}},"44":{"start":{"line":80,"column":6},"end":{"line":80,"column":null}},"45":{"start":{"line":84,"column":2},"end":{"line":95,"column":null}},"46":{"start":{"line":85,"column":15},"end":{"line":85,"column":null}},"47":{"start":{"line":85,"column":43},"end":{"line":85,"column":59}},"48":{"start":{"line":86,"column":4},"end":{"line":88,"column":null}},"49":{"start":{"line":87,"column":6},"end":{"line":87,"column":null}},"50":{"start":{"line":87,"column":32},"end":{"line":87,"column":61}},"51":{"start":{"line":89,"column":4},"end":{"line":91,"column":null}},"52":{"start":{"line":90,"column":6},"end":{"line":90,"column":null}},"53":{"start":{"line":90,"column":32},"end":{"line":90,"column":38}},"54":{"start":{"line":93,"column":4},"end":{"line":93,"column":null}},"55":{"start":{"line":94,"column":4},"end":{"line":94,"column":null}},"56":{"start":{"line":97,"column":2},"end":{"line":164,"column":null}},"57":{"start":{"line":106,"column":33},"end":{"line":106,"column":null}},"58":{"start":{"line":115,"column":31},"end":{"line":115,"column":null}},"59":{"start":{"line":124,"column":31},"end":{"line":124,"column":null}},"60":{"start":{"line":133,"column":33},"end":{"line":133,"column":null}},"61":{"start":{"line":139,"column":33},"end":{"line":139,"column":null}}},"fnMap":{"0":{"name":"(anonymous_0)","decl":{"start":{"line":13,"column":39},"end":{"line":13,"column":40}},"loc":{"start":{"line":13,"column":46},"end":{"line":13,"column":52}},"line":13},"1":{"name":"(anonymous_1)","decl":{"start":{"line":15,"column":24},"end":{"line":15,"column":30}},"loc":{"start":{"line":15,"column":30},"end":{"line":166,"column":null}},"line":15},"2":{"name":"(anonymous_2)","decl":{"start":{"line":37,"column":4},"end":{"line":37,"column":5}},"loc":{"start":{"line":37,"column":27},"end":{"line":51,"column":null}},"line":37},"3":{"name":"(anonymous_3)","decl":{"start":{"line":55,"column":22},"end":{"line":55,"column":23}},"loc":{"start":{"line":55,"column":46},"end":{"line":74,"column":null}},"line":55},"4":{"name":"(anonymous_4)","decl":{"start":{"line":58,"column":45},"end":{"line":58,"column":46}},"loc":{"start":{"line":58,"column":52},"end":{"line":58,"column":73}},"line":58},"5":{"name":"(anonymous_5)","decl":{"start":{"line":77,"column":12},"end":{"line":77,"column":18}},"loc":{"start":{"line":77,"column":18},"end":{"line":82,"column":5}},"line":77},"6":{"name":"(anonymous_6)","decl":{"start":{"line":84,"column":12},"end":{"line":84,"column":18}},"loc":{"start":{"line":84,"column":18},"end":{"line":95,"column":5}},"line":84},"7":{"name":"(anonymous_7)","decl":{"start":{"line":85,"column":32},"end":{"line":85,"column":33}},"loc":{"start":{"line":85,"column":43},"end":{"line":85,"column":59}},"line":85},"8":{"name":"(anonymous_8)","decl":{"start":{"line":87,"column":25},"end":{"line":87,"column":26}},"loc":{"start":{"line":87,"column":32},"end":{"line":87,"column":61}},"line":87},"9":{"name":"(anonymous_9)","decl":{"start":{"line":90,"column":25},"end":{"line":90,"column":26}},"loc":{"start":{"line":90,"column":32},"end":{"line":90,"column":38}},"line":90},"10":{"name":"(anonymous_10)","decl":{"start":{"line":106,"column":26},"end":{"line":106,"column":27}},"loc":{"start":{"line":106,"column":33},"end":{"line":106,"column":null}},"line":106},"11":{"name":"(anonymous_11)","decl":{"start":{"line":115,"column":25},"end":{"line":115,"column":31}},"loc":{"start":{"line":115,"column":31},"end":{"line":115,"column":null}},"line":115},"12":{"name":"(anonymous_12)","decl":{"start":{"line":124,"column":25},"end":{"line":124,"column":31}},"loc":{"start":{"line":124,"column":31},"end":{"line":124,"column":null}},"line":124},"13":{"name":"(anonymous_13)","decl":{"start":{"line":133,"column":27},"end":{"line":133,"column":33}},"loc":{"start":{"line":133,"column":33},"end":{"line":133,"column":null}},"line":133},"14":{"name":"(anonymous_14)","decl":{"start":{"line":139,"column":27},"end":{"line":139,"column":33}},"loc":{"start":{"line":139,"column":33},"end":{"line":139,"column":null}},"line":139}},"branchMap":{"0":{"loc":{"start":{"line":18,"column":4},"end":{"line":18,"column":null}},"type":"cond-expr","locations":[{"start":{"line":18,"column":20},"end":{"line":18,"column":48}},{"start":{"line":18,"column":48},"end":{"line":18,"column":null}}],"line":18},"1":{"loc":{"start":{"line":38,"column":6},"end":{"line":40,"column":null}},"type":"if","locations":[{"start":{"line":38,"column":6},"end":{"line":40,"column":null}},{"start":{},"end":{}}],"line":38},"2":{"loc":{"start":{"line":44,"column":6},"end":{"line":47,"column":null}},"type":"if","locations":[{"start":{"line":44,"column":6},"end":{"line":47,"column":null}},{"start":{},"end":{}}],"line":44},"3":{"loc":{"start":{"line":44,"column":10},"end":{"line":44,"column":39}},"type":"binary-expr","locations":[{"start":{"line":44,"column":10},"end":{"line":44,"column":22}},{"start":{"line":44,"column":22},"end":{"line":44,"column":39}}],"line":44},"4":{"loc":{"start":{"line":48,"column":6},"end":{"line":50,"column":null}},"type":"if","locations":[{"start":{"line":48,"column":6},"end":{"line":50,"column":null}},{"start":{},"end":{}}],"line":48},"5":{"loc":{"start":{"line":48,"column":10},"end":{"line":48,"column":40}},"type":"binary-expr","locations":[{"start":{"line":48,"column":10},"end":{"line":48,"column":22}},{"start":{"line":48,"column":22},"end":{"line":48,"column":40}}],"line":48},"6":{"loc":{"start":{"line":60,"column":4},"end":{"line":64,"column":null}},"type":"if","locations":[{"start":{"line":60,"column":4},"end":{"line":64,"column":null}},{"start":{},"end":{}}],"line":60},"7":{"loc":{"start":{"line":65,"column":4},"end":{"line":68,"column":null}},"type":"if","locations":[{"start":{"line":65,"column":4},"end":{"line":68,"column":null}},{"start":{},"end":{}}],"line":65},"8":{"loc":{"start":{"line":65,"column":8},"end":{"line":65,"column":37}},"type":"binary-expr","locations":[{"start":{"line":65,"column":8},"end":{"line":65,"column":25}},{"start":{"line":65,"column":25},"end":{"line":65,"column":37}}],"line":65},"9":{"loc":{"start":{"line":69,"column":4},"end":{"line":73,"column":null}},"type":"if","locations":[{"start":{"line":69,"column":4},"end":{"line":73,"column":null}},{"start":{},"end":{}}],"line":69},"10":{"loc":{"start":{"line":69,"column":8},"end":{"line":69,"column":38}},"type":"binary-expr","locations":[{"start":{"line":69,"column":8},"end":{"line":69,"column":25}},{"start":{"line":69,"column":25},"end":{"line":69,"column":38}}],"line":69},"11":{"loc":{"start":{"line":78,"column":4},"end":{"line":81,"column":null}},"type":"if","locations":[{"start":{"line":78,"column":4},"end":{"line":81,"column":null}},{"start":{},"end":{}}],"line":78},"12":{"loc":{"start":{"line":78,"column":8},"end":{"line":78,"column":43}},"type":"binary-expr","locations":[{"start":{"line":78,"column":8},"end":{"line":78,"column":21}},{"start":{"line":78,"column":21},"end":{"line":78,"column":43}}],"line":78},"13":{"loc":{"start":{"line":86,"column":4},"end":{"line":88,"column":null}},"type":"if","locations":[{"start":{"line":86,"column":4},"end":{"line":88,"column":null}},{"start":{},"end":{}}],"line":86},"14":{"loc":{"start":{"line":89,"column":4},"end":{"line":91,"column":null}},"type":"if","locations":[{"start":{"line":89,"column":4},"end":{"line":91,"column":null}},{"start":{},"end":{}}],"line":89},"15":{"loc":{"start":{"line":105,"column":18},"end":{"line":105,"column":null}},"type":"binary-expr","locations":[{"start":{"line":105,"column":18},"end":{"line":105,"column":30}},{"start":{"line":105,"column":30},"end":{"line":105,"column":null}}],"line":105},"16":{"loc":{"start":{"line":108,"column":7},"end":{"line":146,"column":null}},"type":"binary-expr","locations":[{"start":{"line":108,"column":7},"end":{"line":108,"column":null}},{"start":{"line":109,"column":8},"end":{"line":146,"column":null}}],"line":108},"17":{"loc":{"start":{"line":112,"column":13},"end":{"line":119,"column":null}},"type":"binary-expr","locations":[{"start":{"line":112,"column":13},"end":{"line":112,"column":null}},{"start":{"line":113,"column":14},"end":{"line":119,"column":null}}],"line":112},"18":{"loc":{"start":{"line":121,"column":13},"end":{"line":127,"column":null}},"type":"binary-expr","locations":[{"start":{"line":121,"column":13},"end":{"line":121,"column":27}},{"start":{"line":121,"column":27},"end":{"line":121,"column":null}},{"start":{"line":122,"column":14},"end":{"line":127,"column":null}}],"line":121},"19":{"loc":{"start":{"line":129,"column":13},"end":{"line":143,"column":null}},"type":"binary-expr","locations":[{"start":{"line":129,"column":13},"end":{"line":129,"column":null}},{"start":{"line":130,"column":14},"end":{"line":143,"column":null}}],"line":129},"20":{"loc":{"start":{"line":148,"column":7},"end":{"line":148,"column":null}},"type":"binary-expr","locations":[{"start":{"line":148,"column":7},"end":{"line":148,"column":20}},{"start":{"line":148,"column":20},"end":{"line":148,"column":null}}],"line":148}},"s":{"0":1,"1":220,"2":1,"3":7,"4":7,"5":7,"6":7,"7":7,"8":7,"9":7,"10":7,"11":7,"12":7,"13":7,"14":7,"15":3,"16":0,"17":3,"18":3,"19":3,"20":3,"21":0,"22":0,"23":3,"24":3,"25":7,"26":1,"27":1,"28":1,"29":220,"30":1,"31":1,"32":1,"33":1,"34":1,"35":1,"36":0,"37":0,"38":1,"39":0,"40":0,"41":0,"42":7,"43":5,"44":0,"45":7,"46":2,"47":440,"48":2,"49":0,"50":0,"51":2,"52":0,"53":0,"54":2,"55":2,"56":7,"57":0,"58":2,"59":0,"60":0,"61":1},"f":{"0":220,"1":7,"2":3,"3":1,"4":220,"5":5,"6":2,"7":440,"8":0,"9":0,"10":0,"11":2,"12":0,"13":0,"14":1},"b":{"0":[0,7],"1":[0,3],"2":[0,3],"3":[3,3],"4":[3,0],"5":[3,3],"6":[1,0],"7":[0,1],"8":[1,0],"9":[0,1],"10":[1,0],"11":[0,5],"12":[5,2],"13":[0,2],"14":[0,2],"15":[7,0],"16":[7,5],"17":[5,3],"18":[5,2,0],"19":[5,5],"20":[7,2]},"meta":{"lastBranch":21,"lastFunction":15,"lastStatement":62,"seen":{"s:13:19:13:Infinity":0,"f:13:39:13:40":0,"s:13:46:13:52":1,"s:15:24:166:Infinity":2,"f:15:24:15:30":1,"s:16:24:16:Infinity":3,"s:17:30:19:Infinity":4,"b:18:20:18:48:18:48:18:Infinity":0,"s:20:34:20:Infinity":5,"s:21:40:21:Infinity":6,"s:22:34:22:Infinity":7,"s:23:48:23:Infinity":8,"s:24:58:24:Infinity":9,"s:26:40:26:Infinity":10,"s:28:30:28:Infinity":11,"s:30:67:31:Infinity":12,"s:33:58:34:Infinity":13,"s:36:8:53:Infinity":14,"f:37:4:37:5":2,"b:38:6:40:Infinity:undefined:undefined:undefined:undefined":1,"s:38:6:40:Infinity":15,"s:39:8:39:Infinity":16,"s:41:6:41:Infinity":17,"s:42:6:42:Infinity":18,"s:43:6:43:Infinity":19,"b:44:6:47:Infinity:undefined:undefined:undefined:undefined":2,"s:44:6:47:Infinity":20,"b:44:10:44:22:44:22:44:39":3,"s:45:14:45:Infinity":21,"s:46:8:46:Infinity":22,"b:48:6:50:Infinity:undefined:undefined:undefined:undefined":4,"s:48:6:50:Infinity":23,"b:48:10:48:22:48:22:48:40":5,"s:49:8:49:Infinity":24,"s:55:22:74:Infinity":25,"f:55:22:55:23":3,"s:56:4:56:Infinity":26,"s:57:4:57:Infinity":27,"s:58:24:58:Infinity":28,"f:58:45:58:46":4,"s:58:52:58:73":29,"s:59:4:59:Infinity":30,"b:60:4:64:Infinity:undefined:undefined:undefined:undefined":6,"s:60:4:64:Infinity":31,"s:61:6:61:Infinity":32,"s:62:6:62:Infinity":33,"s:63:6:63:Infinity":34,"b:65:4:68:Infinity:undefined:undefined:undefined:undefined":7,"s:65:4:68:Infinity":35,"b:65:8:65:25:65:25:65:37":8,"s:66:6:66:Infinity":36,"s:67:6:67:Infinity":37,"b:69:4:73:Infinity:undefined:undefined:undefined:undefined":9,"s:69:4:73:Infinity":38,"b:69:8:69:25:69:25:69:38":10,"s:70:6:70:Infinity":39,"s:71:6:71:Infinity":40,"s:72:6:72:Infinity":41,"s:77:2:82:Infinity":42,"f:77:12:77:18":5,"b:78:4:81:Infinity:undefined:undefined:undefined:undefined":11,"s:78:4:81:Infinity":43,"b:78:8:78:21:78:21:78:43":12,"s:80:6:80:Infinity":44,"s:84:2:95:Infinity":45,"f:84:12:84:18":6,"s:85:15:85:Infinity":46,"f:85:32:85:33":7,"s:85:43:85:59":47,"b:86:4:88:Infinity:undefined:undefined:undefined:undefined":13,"s:86:4:88:Infinity":48,"s:87:6:87:Infinity":49,"f:87:25:87:26":8,"s:87:32:87:61":50,"b:89:4:91:Infinity:undefined:undefined:undefined:undefined":14,"s:89:4:91:Infinity":51,"s:90:6:90:Infinity":52,"f:90:25:90:26":9,"s:90:32:90:38":53,"s:93:4:93:Infinity":54,"s:94:4:94:Infinity":55,"s:97:2:164:Infinity":56,"b:105:18:105:30:105:30:105:Infinity":15,"f:106:26:106:27":10,"s:106:33:106:Infinity":57,"b:108:7:108:Infinity:109:8:146:Infinity":16,"b:112:13:112:Infinity:113:14:119:Infinity":17,"f:115:25:115:31":11,"s:115:31:115:Infinity":58,"b:121:13:121:27:121:27:121:Infinity:122:14:127:Infinity":18,"f:124:25:124:31":12,"s:124:31:124:Infinity":59,"b:129:13:129:Infinity:130:14:143:Infinity":19,"f:133:27:133:33":13,"s:133:33:133:Infinity":60,"f:139:27:139:33":14,"s:139:33:139:Infinity":61,"b:148:7:148:20:148:20:148:Infinity":20},"fnNames":{}}}
,"/Users/macbook/Desktop/lead_dev/src/questions/10webPerformance.ts": {"path":"/Users/macbook/Desktop/lead_dev/src/questions/10webPerformance.ts","statementMap":{"0":{"start":{"line":3,"column":52},"end":{"line":179,"column":null}}},"fnMap":{},"branchMap":{},"s":{"0":2},"f":{},"b":{},"meta":{"lastBranch":0,"lastFunction":0,"lastStatement":1,"seen":{"s:3:52:179:Infinity":0},"fnNames":{}}}
,"/Users/macbook/Desktop/lead_dev/src/questions/11security.ts": {"path":"/Users/macbook/Desktop/lead_dev/src/questions/11security.ts","statementMap":{"0":{"start":{"line":3,"column":52},"end":{"line":101,"column":null}}},"fnMap":{},"branchMap":{},"s":{"0":2},"f":{},"b":{},"meta":{"lastBranch":0,"lastFunction":0,"lastStatement":1,"seen":{"s:3:52:101:Infinity":0},"fnNames":{}}}
,"/Users/macbook/Desktop/lead_dev/src/questions/12communicationProtocols.ts": {"path":"/Users/macbook/Desktop/lead_dev/src/questions/12communicationProtocols.ts","statementMap":{"0":{"start":{"line":3,"column":52},"end":{"line":43,"column":null}}},"fnMap":{},"branchMap":{},"s":{"0":2},"f":{},"b":{},"meta":{"lastBranch":0,"lastFunction":0,"lastStatement":1,"seen":{"s:3:52:43:Infinity":0},"fnNames":{}}}
,"/Users/macbook/Desktop/lead_dev/src/questions/13renderingStrategies.ts": {"path":"/Users/macbook/Desktop/lead_dev/src/questions/13renderingStrategies.ts","statementMap":{"0":{"start":{"line":3,"column":52},"end":{"line":30,"column":null}}},"fnMap":{},"branchMap":{},"s":{"0":2},"f":{},"b":{},"meta":{"lastBranch":0,"lastFunction":0,"lastStatement":1,"seen":{"s:3:52:30:Infinity":0},"fnNames":{}}}
,"/Users/macbook/Desktop/lead_dev/src/questions/1htmlcss.ts": {"path":"/Users/macbook/Desktop/lead_dev/src/questions/1htmlcss.ts","statementMap":{"0":{"start":{"line":3,"column":51},"end":{"line":72,"column":null}}},"fnMap":{},"branchMap":{},"s":{"0":2},"f":{},"b":{},"meta":{"lastBranch":0,"lastFunction":0,"lastStatement":1,"seen":{"s:3:51:72:Infinity":0},"fnNames":{}}}
,"/Users/macbook/Desktop/lead_dev/src/questions/2javascript.ts": {"path":"/Users/macbook/Desktop/lead_dev/src/questions/2javascript.ts","statementMap":{"0":{"start":{"line":3,"column":51},"end":{"line":139,"column":null}}},"fnMap":{},"branchMap":{},"s":{"0":2},"f":{},"b":{},"meta":{"lastBranch":0,"lastFunction":0,"lastStatement":1,"seen":{"s:3:51:139:Infinity":0},"fnNames":{}}}
,"/Users/macbook/Desktop/lead_dev/src/questions/3regexp.ts": {"path":"/Users/macbook/Desktop/lead_dev/src/questions/3regexp.ts","statementMap":{"0":{"start":{"line":3,"column":51},"end":{"line":115,"column":null}}},"fnMap":{},"branchMap":{},"s":{"0":2},"f":{},"b":{},"meta":{"lastBranch":0,"lastFunction":0,"lastStatement":1,"seen":{"s:3:51:115:Infinity":0},"fnNames":{}}}
,"/Users/macbook/Desktop/lead_dev/src/questions/4typescript.ts": {"path":"/Users/macbook/Desktop/lead_dev/src/questions/4typescript.ts","statementMap":{"0":{"start":{"line":3,"column":51},"end":{"line":700,"column":null}}},"fnMap":{},"branchMap":{},"s":{"0":2},"f":{},"b":{},"meta":{"lastBranch":0,"lastFunction":0,"lastStatement":1,"seen":{"s:3:51:700:Infinity":0},"fnNames":{}}}
,"/Users/macbook/Desktop/lead_dev/src/questions/5cicd.ts": {"path":"/Users/macbook/Desktop/lead_dev/src/questions/5cicd.ts","statementMap":{"0":{"start":{"line":3,"column":51},"end":{"line":27,"column":null}}},"fnMap":{},"branchMap":{},"s":{"0":2},"f":{},"b":{},"meta":{"lastBranch":0,"lastFunction":0,"lastStatement":1,"seen":{"s:3:51:27:Infinity":0},"fnNames":{}}}
,"/Users/macbook/Desktop/lead_dev/src/questions/6browserAPIs.ts": {"path":"/Users/macbook/Desktop/lead_dev/src/questions/6browserAPIs.ts","statementMap":{"0":{"start":{"line":3,"column":51},"end":{"line":346,"column":null}}},"fnMap":{},"branchMap":{},"s":{"0":2},"f":{},"b":{},"meta":{"lastBranch":0,"lastFunction":0,"lastStatement":1,"seen":{"s:3:51:346:Infinity":0},"fnNames":{}}}
,"/Users/macbook/Desktop/lead_dev/src/questions/7react.ts": {"path":"/Users/macbook/Desktop/lead_dev/src/questions/7react.ts","statementMap":{"0":{"start":{"line":3,"column":51},"end":{"line":281,"column":null}}},"fnMap":{},"branchMap":{},"s":{"0":2},"f":{},"b":{},"meta":{"lastBranch":0,"lastFunction":0,"lastStatement":1,"seen":{"s:3:51:281:Infinity":0},"fnNames":{}}}
,"/Users/macbook/Desktop/lead_dev/src/questions/8softwareDesign.ts": {"path":"/Users/macbook/Desktop/lead_dev/src/questions/8softwareDesign.ts","statementMap":{"0":{"start":{"line":3,"column":51},"end":{"line":164,"column":null}}},"fnMap":{},"branchMap":{},"s":{"0":2},"f":{},"b":{},"meta":{"lastBranch":0,"lastFunction":0,"lastStatement":1,"seen":{"s:3:51:164:Infinity":0},"fnNames":{}}}
,"/Users/macbook/Desktop/lead_dev/src/questions/9designPatterns.ts": {"path":"/Users/macbook/Desktop/lead_dev/src/questions/9designPatterns.ts","statementMap":{"0":{"start":{"line":3,"column":51},"end":{"line":385,"column":null}}},"fnMap":{},"branchMap":{},"s":{"0":2},"f":{},"b":{},"meta":{"lastBranch":0,"lastFunction":0,"lastStatement":1,"seen":{"s:3:51:385:Infinity":0},"fnNames":{}}}
,"/Users/macbook/Desktop/lead_dev/src/questions/index.ts": {"path":"/Users/macbook/Desktop/lead_dev/src/questions/index.ts","statementMap":{"0":{"start":{"line":15,"column":28},"end":{"line":29,"column":null}}},"fnMap":{},"branchMap":{},"s":{"0":2},"f":{},"b":{},"meta":{"lastBranch":0,"lastFunction":0,"lastStatement":1,"seen":{"s:15:28:29:Infinity":0},"fnNames":{}}}
,"/Users/macbook/Desktop/lead_dev/src/types/ISettings.ts": {"path":"/Users/macbook/Desktop/lead_dev/src/types/ISettings.ts","statementMap":{"0":{"start":{"line":7,"column":42},"end":{"line":11,"column":null}}},"fnMap":{},"branchMap":{},"s":{"0":1},"f":{},"b":{},"meta":{"lastBranch":0,"lastFunction":0,"lastStatement":1,"seen":{"s:7:42:11:Infinity":0},"fnNames":{}}}
,"/Users/macbook/Desktop/lead_dev/src/utils/generateRandomNumber.ts": {"path":"/Users/macbook/Desktop/lead_dev/src/utils/generateRandomNumber.ts","statementMap":{"0":{"start":{"line":2,"column":2},"end":{"line":2,"column":null}}},"fnMap":{"0":{"name":"generateRandomNumber","decl":{"start":{"line":1,"column":16},"end":{"line":1,"column":37}},"loc":{"start":{"line":1,"column":63},"end":{"line":3,"column":null}},"line":1}},"branchMap":{},"s":{"0":5},"f":{"0":5},"b":{},"meta":{"lastBranch":0,"lastFunction":1,"lastStatement":1,"seen":{"f:1:16:1:37":0,"s:2:2:2:Infinity":0},"fnNames":{}}}
}
